[20:28:37] [main/INFO]: Setting user: Player881
[20:28:38] [Client thread/INFO]: LWJGL Version: 2.9.1
[20:28:46] [Client thread/INFO]: Reloading ResourceManager: Default, FMLFileResourcePack:Forge Mod Loader, FMLFileResourcePack:Minecraft Forge, FMLFileResourcePack:Magmabeo
[20:28:47] [Sound Library Loader/INFO]: Sound engine started
[20:28:49] [Client thread/INFO]: Created: 16x16 textures/blocks-atlas
[20:28:49] [Client thread/INFO]: Created: 16x16 textures/items-atlas
[20:28:49] [Client thread/INFO]: Reloading ResourceManager: Default, FMLFileResourcePack:Forge Mod Loader, FMLFileResourcePack:Minecraft Forge, FMLFileResourcePack:Magmabeo
[20:28:49] [Client thread/INFO]: Created: 512x256 textures/blocks-atlas
[20:28:49] [Client thread/INFO]: Created: 256x256 textures/items-atlas
[20:28:50] [Sound Library Loader/INFO]: Sound engine started
[20:29:09] [Client thread/ERROR]: Exception reading .\saves\new hope\level.dat_old
net.minecraft.util.ReportedException: Loading NBT data
	at net.minecraft.nbt.NBTTagCompound.func_152449_a(NBTTagCompound.java:503) ~[NBTTagCompound.class:?]
	at net.minecraft.nbt.NBTTagCompound.func_152446_a(NBTTagCompound.java:56) ~[NBTTagCompound.class:?]
	at net.minecraft.nbt.NBTTagList.func_152446_a(NBTTagList.java:59) ~[NBTTagList.class:?]
	at net.minecraft.nbt.NBTTagCompound.func_152449_a(NBTTagCompound.java:494) ~[NBTTagCompound.class:?]
	at net.minecraft.nbt.NBTTagCompound.func_152446_a(NBTTagCompound.java:56) ~[NBTTagCompound.class:?]
	at net.minecraft.nbt.NBTTagCompound.func_152449_a(NBTTagCompound.java:494) ~[NBTTagCompound.class:?]
	at net.minecraft.nbt.NBTTagCompound.func_152446_a(NBTTagCompound.java:56) ~[NBTTagCompound.class:?]
	at net.minecraft.nbt.CompressedStreamTools.func_152455_a(CompressedStreamTools.java:179) ~[CompressedStreamTools.class:?]
	at net.minecraft.nbt.CompressedStreamTools.func_152456_a(CompressedStreamTools.java:134) ~[CompressedStreamTools.class:?]
	at net.minecraft.nbt.CompressedStreamTools.readCompressed(CompressedStreamTools.java:37) ~[CompressedStreamTools.class:?]
	at net.minecraft.world.storage.SaveFormatOld.getWorldInfo(SaveFormatOld.java:98) [SaveFormatOld.class:?]
	at net.minecraft.world.chunk.storage.AnvilSaveConverter.getSaveList(AnvilSaveConverter.java:64) [AnvilSaveConverter.class:?]
	at net.minecraft.client.gui.GuiSelectWorld.func_146627_h(GuiSelectWorld.java:80) [GuiSelectWorld.class:?]
	at net.minecraft.client.gui.GuiSelectWorld.initGui(GuiSelectWorld.java:58) [GuiSelectWorld.class:?]
	at net.minecraft.client.gui.GuiScreen.setWorldAndResolution(GuiScreen.java:294) [GuiScreen.class:?]
	at net.minecraft.client.Minecraft.displayGuiScreen(Minecraft.java:865) [Minecraft.class:?]
	at net.minecraft.client.gui.GuiMainMenu.actionPerformed(GuiMainMenu.java:260) [GuiMainMenu.class:?]
	at net.minecraft.client.gui.GuiScreen.mouseClicked(GuiScreen.java:252) [GuiScreen.class:?]
	at net.minecraft.client.gui.GuiMainMenu.mouseClicked(GuiMainMenu.java:566) [GuiMainMenu.class:?]
	at net.minecraft.client.gui.GuiScreen.handleMouseInput(GuiScreen.java:344) [GuiScreen.class:?]
	at net.minecraft.client.gui.GuiScreen.handleInput(GuiScreen.java:313) [GuiScreen.class:?]
	at net.minecraft.client.Minecraft.runTick(Minecraft.java:1731) [Minecraft.class:?]
	at net.minecraft.client.Minecraft.runGameLoop(Minecraft.java:1039) [Minecraft.class:?]
	at net.minecraft.client.Minecraft.run(Minecraft.java:962) [Minecraft.class:?]
	at net.minecraft.client.main.Main.main(Main.java:164) [Main.class:?]
	at sun.reflect.NativeMethodAccessorImpl.invoke0(Native Method) ~[?:1.8.0_201]
	at sun.reflect.NativeMethodAccessorImpl.invoke(Unknown Source) ~[?:1.8.0_201]
	at sun.reflect.DelegatingMethodAccessorImpl.invoke(Unknown Source) ~[?:1.8.0_201]
	at java.lang.reflect.Method.invoke(Unknown Source) ~[?:1.8.0_201]
	at net.minecraft.launchwrapper.Launch.launch(Launch.java:135) [launchwrapper-1.12.jar:?]
	at net.minecraft.launchwrapper.Launch.main(Launch.java:28) [launchwrapper-1.12.jar:?]
	at net.minecraftforge.gradle.GradleStartCommon.launch(Unknown Source) [start/:?]
	at GradleStart.main(Unknown Source) [start/:?]
Caused by: java.util.zip.ZipException: invalid distance too far back
	at java.util.zip.InflaterInputStream.read(Unknown Source) ~[?:1.8.0_201]
	at java.util.zip.GZIPInputStream.read(Unknown Source) ~[?:1.8.0_201]
	at java.io.BufferedInputStream.fill(Unknown Source) ~[?:1.8.0_201]
	at java.io.BufferedInputStream.read(Unknown Source) ~[?:1.8.0_201]
	at java.io.DataInputStream.readInt(Unknown Source) ~[?:1.8.0_201]
	at net.minecraft.nbt.NBTTagInt.func_152446_a(NBTTagInt.java:31) ~[NBTTagInt.class:?]
	at net.minecraft.nbt.NBTTagCompound.func_152449_a(NBTTagCompound.java:494) ~[NBTTagCompound.class:?]
	... 32 more
[20:29:10] [Server thread/INFO]: Starting integrated minecraft server version 1.7.10
[20:29:10] [Server thread/INFO]: Generating keypair
[20:29:10] [Server thread/INFO]: Preparing start region for level 0
[20:29:11] [Server thread/INFO]: Changing view distance to 12, from 10
[20:29:11] [Server thread/INFO]: Player881[local:E:24080806] logged in with entity id 173 at (175.39082167953336, 76.0, 9927.103001907166)
[20:29:11] [Server thread/INFO]: Player881 joined the game
[20:30:03] [Server thread/INFO]: Saving and pausing game...
[20:30:04] [Server thread/INFO]: Saving chunks for level 'New World'/Overworld
[20:30:04] [Server thread/INFO]: Saving chunks for level 'New World'/Nether
[20:30:04] [Server thread/INFO]: Saving chunks for level 'New World'/The End
[20:30:28] [Client thread/INFO]: [CHAT] /gamemode, /give, /gamerule
[20:30:29] [Client thread/INFO]: [CHAT] survival, creative, adventure
[20:30:30] [Client thread/INFO]: [CHAT] survival, creative, adventure
[20:30:31] [Server thread/INFO]: [Player881: Set own game mode to Creative Mode]
[20:30:31] [Client thread/INFO]: [CHAT] Your game mode has been updated
[20:30:33] [Server thread/INFO]: Player881 has just earned the achievement [Taking Inventory]
[20:30:33] [Client thread/INFO]: [CHAT] Player881 has just earned the achievement [Taking Inventory]
[20:31:55] [Client thread/INFO]: [CHAT] survival, creative, adventure
[20:31:56] [Server thread/INFO]: [Player881: Set own game mode to Survival Mode]
[20:31:56] [Client thread/INFO]: [CHAT] Your game mode has been updated
[20:32:03] [Server thread/INFO]: Saving and pausing game...
[20:32:03] [Server thread/INFO]: Saving chunks for level 'New World'/Overworld
[20:32:03] [Server thread/INFO]: Saving chunks for level 'New World'/Nether
[20:32:03] [Server thread/INFO]: Saving chunks for level 'New World'/The End
[20:32:04] [Server thread/INFO]: Saving and pausing game...
[20:32:04] [Server thread/INFO]: Saving chunks for level 'New World'/Overworld
[20:32:04] [Server thread/INFO]: Saving chunks for level 'New World'/Nether
[20:32:04] [Server thread/INFO]: Saving chunks for level 'New World'/The End
[20:32:23] [Server thread/INFO]: Saving and pausing game...
[20:32:23] [Server thread/INFO]: Saving chunks for level 'New World'/Overworld
[20:32:23] [Server thread/INFO]: Saving chunks for level 'New World'/Nether
[20:32:23] [Server thread/INFO]: Saving chunks for level 'New World'/The End
[20:32:50] [Server thread/INFO]: Saving and pausing game...
[20:32:50] [Server thread/INFO]: Saving chunks for level 'New World'/Overworld
[20:32:50] [Server thread/INFO]: Saving chunks for level 'New World'/Nether
[20:32:50] [Server thread/INFO]: Saving chunks for level 'New World'/The End
[20:32:52] [Server thread/INFO]: [Player881: Set own game mode to Creative Mode]
[20:32:52] [Client thread/INFO]: [CHAT] Your game mode has been updated
[20:33:31] [Server thread/INFO]: Saving and pausing game...
[20:33:31] [Server thread/INFO]: Saving chunks for level 'New World'/Overworld
[20:33:31] [Server thread/INFO]: Saving chunks for level 'New World'/Nether
[20:33:31] [Server thread/INFO]: Saving chunks for level 'New World'/The End
